11
H
1
C
R2
2
1
C
R3
3
1
C
R4
4
1
C
R5
5
1
C
R6
6
1
C
R7
7
1
C
R8
8
1
C
R9
9
1
C
R10
10
1
C
R11
11
1
H
2
C
R2
3
2
C
R3
4
2
C
R4
5
2
C
R5
6
2
C
R6
7
2
C
R7
8
2
C
R8
9
2
C
R9
10
2
C
R10
11
2
H
3
C
R2
4
3
C
R3
5
3
C
R4
6
3
C
R5
7
3
C
R6
8
3
C
R7
9
3
C
R8
10
3
C
R9
11
3
H
4
C
R2
5
4
C
R3
6
4
C
R4
7
4
C
R5
8
4
C
R6
9
4
C
R7
10
4
C
R8
11
4
H
5
C
R2
6
5
C
R3
7
5
C
R4
8
5
C
R5
9
5
C
R6
10
5
C
R7
11
5
H
6
C
R2
7
6
C
R3
8
6
C
R4
9
6
C
R5
10
6
C
R6
11
6
H
7
C
R2
8
7
C
R3
9
7
C
R4
10
7
C
R5
11
7
H
8
C
R2
9
8
C
R3
10
8
C
R4
11
8
H
9
C
R2
10
9
C
R3
11
9
H
10
C
R2
11
10
H
11
