16
H
1
C
R2
2
1
C
R3
3
1
C
R4
4
1
C
R5
5
1
C
R6
6
1
C
R7
7
1
C
R8
8
1
C
R9
9
1
C
R10
10
1
C
R11
11
1
C
R12
12
1
C
R13
13
1
C
R14
14
1
C
R15
15
1
C
R16
16
1
H
2
C
R2
3
2
C
R3
4
2
C
R4
5
2
C
R5
6
2
C
R6
7
2
C
R7
8
2
C
R8
9
2
C
R9
10
2
C
R10
11
2
C
R11
12
2
C
R12
13
2
C
R13
14
2
C
R14
15
2
C
R15
16
2
H
3
C
R2
4
3
C
R3
5
3
C
R4
6
3
C
R5
7
3
C
R6
8
3
C
R7
9
3
C
R8
10
3
C
R9
11
3
C
R10
12
3
C
R11
13
3
C
R12
14
3
C
R13
15
3
C
R14
16
3
H
4
C
R2
5
4
C
R3
6
4
C
R4
7
4
C
R5
8
4
C
R6
9
4
C
R7
10
4
C
R8
11
4
C
R9
12
4
C
R10
13
4
C
R11
14
4
C
R12
15
4
C
R13
16
4
H
5
C
R2
6
5
C
R3
7
5
C
R4
8
5
C
R5
9
5
C
R6
10
5
C
R7
11
5
C
R8
12
5
C
R9
13
5
C
R10
14
5
C
R11
15
5
C
R12
16
5
H
6
C
R2
7
6
C
R3
8
6
C
R4
9
6
C
R5
10
6
C
R6
11
6
C
R7
12
6
C
R8
13
6
C
R9
14
6
C
R10
15
6
C
R11
16
6
H
7
C
R2
8
7
C
R3
9
7
C
R4
10
7
C
R5
11
7
C
R6
12
7
C
R7
13
7
C
R8
14
7
C
R9
15
7
C
R10
16
7
H
8
C
R2
9
8
C
R3
10
8
C
R4
11
8
C
R5
12
8
C
R6
13
8
C
R7
14
8
C
R8
15
8
C
R9
16
8
H
9
C
R2
10
9
C
R3
11
9
C
R4
12
9
C
R5
13
9
C
R6
14
9
C
R7
15
9
C
R8
16
9
H
10
C
R2
11
10
C
R3
12
10
C
R4
13
10
C
R5
14
10
C
R6
15
10
C
R7
16
10
H
11
C
R2
12
11
C
R3
13
11
C
R4
14
11
C
R5
15
11
C
R6
16
11
H
12
C
R2
13
12
C
R3
14
12
C
R4
15
12
C
R5
16
12
H
13
C
R2
14
13
C
R3
15
13
C
R4
16
13
H
14
C
R2
15
14
C
R3
16
14
H
15
C
R2
16
15
H
16
