16
H
1
C
R2
2
1
S
2
1
C
R3
3
2
S
3
2
C
R4
4
3
S
4
3
C
R5
5
4
S
5
4
C
R6
6
5
S
6
5
C
R7
7
6
S
7
6
C
R8
8
7
S
8
7
C
R9
9
8
S
9
8
C
R10
10
9
S
10
9
C
R11
11
10
S
11
10
C
R12
12
11
S
12
11
C
R13
13
12
S
13
12
C
R14
14
13
S
14
13
C
R15
15
14
S
15
14
C
R16
16
15
S
15
14
S
14
13
S
13
12
S
12
11
S
11
10
S
10
9
S
9
8
S
8
7
S
7
6
S
6
5
S
5
4
S
4
3
S
3
2
S
2
1
H
2
C
R2
3
2
S
3
2
C
R3
4
3
S
4
3
C
R4
5
4
S
5
4
C
R5
6
5
S
6
5
C
R6
7
6
S
7
6
C
R7
8
7
S
8
7
C
R8
9
8
S
9
8
C
R9
10
9
S
10
9
C
R10
11
10
S
11
10
C
R11
12
11
S
12
11
C
R12
13
12
S
13
12
C
R13
14
13
S
14
13
C
R14
15
14
S
15
14
C
R15
16
15
S
15
14
S
14
13
S
13
12
S
12
11
S
11
10
S
10
9
S
9
8
S
8
7
S
7
6
S
6
5
S
5
4
S
4
3
S
3
2
H
3
C
R2
4
3
S
4
3
C
R3
5
4
S
5
4
C
R4
6
5
S
6
5
C
R5
7
6
S
7
6
C
R6
8
7
S
8
7
C
R7
9
8
S
9
8
C
R8
10
9
S
10
9
C
R9
11
10
S
11
10
C
R10
12
11
S
12
11
C
R11
13
12
S
13
12
C
R12
14
13
S
14
13
C
R13
15
14
S
15
14
C
R14
16
15
S
15
14
S
14
13
S
13
12
S
12
11
S
11
10
S
10
9
S
9
8
S
8
7
S
7
6
S
6
5
S
5
4
S
4
3
H
4
C
R2
5
4
S
5
4
C
R3
6
5
S
6
5
C
R4
7
6
S
7
6
C
R5
8
7
S
8
7
C
R6
9
8
S
9
8
C
R7
10
9
S
10
9
C
R8
11
10
S
11
10
C
R9
12
11
S
12
11
C
R10
13
12
S
13
12
C
R11
14
13
S
14
13
C
R12
15
14
S
15
14
C
R13
16
15
S
15
14
S
14
13
S
13
12
S
12
11
S
11
10
S
10
9
S
9
8
S
8
7
S
7
6
S
6
5
S
5
4
H
5
C
R2
6
5
S
6
5
C
R3
7
6
S
7
6
C
R4
8
7
S
8
7
C
R5
9
8
S
9
8
C
R6
10
9
S
10
9
C
R7
11
10
S
11
10
C
R8
12
11
S
12
11
C
R9
13
12
S
13
12
C
R10
14
13
S
14
13
C
R11
15
14
S
15
14
C
R12
16
15
S
15
14
S
14
13
S
13
12
S
12
11
S
11
10
S
10
9
S
9
8
S
8
7
S
7
6
S
6
5
H
6
C
R2
7
6
S
7
6
C
R3
8
7
S
8
7
C
R4
9
8
S
9
8
C
R5
10
9
S
10
9
C
R6
11
10
S
11
10
C
R7
12
11
S
12
11
C
R8
13
12
S
13
12
C
R9
14
13
S
14
13
C
R10
15
14
S
15
14
C
R11
16
15
S
15
14
S
14
13
S
13
12
S
12
11
S
11
10
S
10
9
S
9
8
S
8
7
S
7
6
H
7
C
R2
8
7
S
8
7
C
R3
9
8
S
9
8
C
R4
10
9
S
10
9
C
R5
11
10
S
11
10
C
R6
12
11
S
12
11
C
R7
13
12
S
13
12
C
R8
14
13
S
14
13
C
R9
15
14
S
15
14
C
R10
16
15
S
15
14
S
14
13
S
13
12
S
12
11
S
11
10
S
10
9
S
9
8
S
8
7
H
8
C
R2
9
8
S
9
8
C
R3
10
9
S
10
9
C
R4
11
10
S
11
10
C
R5
12
11
S
12
11
C
R6
13
12
S
13
12
C
R7
14
13
S
14
13
C
R8
15
14
S
15
14
C
R9
16
15
S
15
14
S
14
13
S
13
12
S
12
11
S
11
10
S
10
9
S
9
8
H
9
C
R2
10
9
S
10
9
C
R3
11
10
S
11
10
C
R4
12
11
S
12
11
C
R5
13
12
S
13
12
C
R6
14
13
S
14
13
C
R7
15
14
S
15
14
C
R8
16
15
S
15
14
S
14
13
S
13
12
S
12
11
S
11
10
S
10
9
H
10
C
R2
11
10
S
11
10
C
R3
12
11
S
12
11
C
R4
13
12
S
13
12
C
R5
14
13
S
14
13
C
R6
15
14
S
15
14
C
R7
16
15
S
15
14
S
14
13
S
13
12
S
12
11
S
11
10
H
11
C
R2
12
11
S
12
11
C
R3
13
12
S
13
12
C
R4
14
13
S
14
13
C
R5
15
14
S
15
14
C
R6
16
15
S
15
14
S
14
13
S
13
12
S
12
11
H
12
C
R2
13
12
S
13
12
C
R3
14
13
S
14
13
C
R4
15
14
S
15
14
C
R5
16
15
S
15
14
S
14
13
S
13
12
H
13
C
R2
14
13
S
14
13
C
R3
15
14
S
15
14
C
R4
16
15
S
15
14
S
14
13
H
14
C
R2
15
14
S
15
14
C
R3
16
15
S
15
14
H
15
C
R2
16
15
H
16
