8
H
1
C
R2
2
1
S
3
2
C
R3
2
1
S
3
2
S
4
3
S
3
2
C
R4
2
1
S
3
2
S
4
3
S
5
4
S
4
3
S
3
2
C
R5
2
1
S
3
2
S
4
3
S
5
4
S
6
5
S
5
4
S
4
3
S
3
2
C
R6
2
1
S
3
2
S
4
3
S
5
4
S
6
5
S
7
6
S
6
5
S
5
4
S
4
3
S
3
2
C
R7
2
1
S
3
2
S
4
3
S
5
4
S
6
5
S
7
6
S
8
7
S
7
6
S
6
5
S
5
4
S
4
3
S
3
2
C
R8
2
1
S
3
2
S
4
3
S
5
4
S
6
5
S
7
6
S
8
7
H
2
C
R2
3
2
S
4
3
C
R3
3
2
S
4
3
S
5
4
S
4
3
C
R4
3
2
S
4
3
S
5
4
S
6
5
S
5
4
S
4
3
C
R5
3
2
S
4
3
S
5
4
S
6
5
S
7
6
S
6
5
S
5
4
S
4
3
C
R6
3
2
S
4
3
S
5
4
S
6
5
S
7
6
S
8
7
S
7
6
S
6
5
S
5
4
S
4
3
C
R7
3
2
S
4
3
S
5
4
S
6
5
S
7
6
S
8
7
H
3
C
R2
4
3
S
5
4
C
R3
4
3
S
5
4
S
6
5
S
5
4
C
R4
4
3
S
5
4
S
6
5
S
7
6
S
6
5
S
5
4
C
R5
4
3
S
5
4
S
6
5
S
7
6
S
8
7
S
7
6
S
6
5
S
5
4
C
R6
4
3
S
5
4
S
6
5
S
7
6
S
8
7
H
4
C
R2
5
4
S
6
5
C
R3
5
4
S
6
5
S
7
6
S
6
5
C
R4
5
4
S
6
5
S
7
6
S
8
7
S
7
6
S
6
5
C
R5
5
4
S
6
5
S
7
6
S
8
7
H
5
C
R2
6
5
S
7
6
C
R3
6
5
S
7
6
S
8
7
S
7
6
C
R4
6
5
S
7
6
S
8
7
H
6
C
R2
7
6
S
8
7
C
R3
7
6
S
8
7
H
7
C
R2
8
7
H
8
